<?xml version="1.0" encoding="UTF-8"?>
<testsuite name="com.insuranceClaim.contract.ClaimContractTest" tests="10" skipped="0" failures="0" errors="0" timestamp="2018-10-22T06:30:33" hostname="GOD10603" time="18.293">
  <properties/>
  <testcase name="Company Response transaction must have Two output states" classname="com.insuranceClaim.contract.ClaimContractTest" time="16.12"/>
  <testcase name="Create Claim transaction must have zero input" classname="com.insuranceClaim.contract.ClaimContractTest" time="0.071"/>
  <testcase name="Applicant party is not same as Insurance Party" classname="com.insuranceClaim.contract.ClaimContractTest" time="0.06"/>
  <testcase name="All Participants must sign the transaction " classname="com.insuranceClaim.contract.ClaimContractTest" time="0.215"/>
  <testcase name="All Participants must sign the transaction" classname="com.insuranceClaim.contract.ClaimContractTest" time="0.106"/>
  <testcase name="Claim transaction must have only one output state" classname="com.insuranceClaim.contract.ClaimContractTest" time="0.033"/>
  <testcase name="Claim value must be non-negative" classname="com.insuranceClaim.contract.ClaimContractTest" time="0.054"/>
  <testcase name="Transaction must include InsuranceApplication command" classname="com.insuranceClaim.contract.ClaimContractTest" time="0.031"/>
  <testcase name="Transaction must include CompanyResponse command" classname="com.insuranceClaim.contract.ClaimContractTest" time="0.072"/>
  <testcase name="Applicant party is not same as the Insurance Party" classname="com.insuranceClaim.contract.ClaimContractTest" time="0.122"/>
  <system-out><![CDATA[2018-10-22 12:00:29,700 Test worker WARN Unable to instantiate org.fusesource.jansi.WindowsAnsiOutputStream
2018-10-22 12:00:29,712 Test worker WARN Unable to instantiate org.fusesource.jansi.WindowsAnsiOutputStream
[INFO ] 12:00:32,021 [Test worker] (CordappLoader.kt:137) cordapp.CordappLoader.createDevCordappJar - Generating a test-only cordapp of classes discovered in com.insuranceClaim.contract at build\tmp\generated-test-cordapps\com.insuranceClaim.contract-25ef49c1-66d2-4654-bb05-dcf7ac04074d.jar {}
[INFO ] 12:00:32,270 [Test worker] (CordappLoader.kt:137) cordapp.CordappLoader.createDevCordappJar - Generating a test-only cordapp of classes discovered in com.insuranceClaim.contract at build\tmp\generated-test-cordapps\com.insuranceClaim.contract-7889e615-ec36-4823-ad0e-71aa41358416.jar {}
[INFO ] 12:00:32,317 [Test worker] (CordappLoader.kt:53) cordapp.CordappLoader.<init> - Loading CorDapps from file:/D:/corda/cordapp-insuranceClaim/kotlin-source/build/tmp/generated-test-cordapps/com.insuranceClaim.contract-25ef49c1-66d2-4654-bb05-dcf7ac04074d.jar, file:/D:/corda/cordapp-insuranceClaim/kotlin-source/build/tmp/generated-test-cordapps/com.insuranceClaim.contract-7889e615-ec36-4823-ad0e-71aa41358416.jar {}
[INFO ] 12:00:32,493 [Test worker] (CordappLoader.kt:270) cordapp.CordappLoader.scanCordapp - Scanning CorDapp in file:/D:/corda/cordapp-insuranceClaim/kotlin-source/build/tmp/generated-test-cordapps/com.insuranceClaim.contract-25ef49c1-66d2-4654-bb05-dcf7ac04074d.jar {}
[INFO ] 12:00:32,834 [Test worker] (CordappLoader.kt:270) cordapp.CordappLoader.scanCordapp - Scanning CorDapp in file:/D:/corda/cordapp-insuranceClaim/kotlin-source/build/tmp/generated-test-cordapps/com.insuranceClaim.contract-7889e615-ec36-4823-ad0e-71aa41358416.jar {}
[WARN ] 12:00:33,207 [Test worker] (CordappProviderImpl.kt:40) cordapp.CordappProviderImpl.verifyInstalledCordapps - The network parameters don't specify any whitelisted contract implementations. Please contact your zone operator. See https://docs.corda.net/network-map.html {}
[WARN ] 12:00:49,455 [Test worker] (CordappProviderImpl.kt:40) cordapp.CordappProviderImpl.verifyInstalledCordapps - The network parameters don't specify any whitelisted contract implementations. Please contact your zone operator. See https://docs.corda.net/network-map.html {}
[WARN ] 12:00:49,631 [Test worker] (CordappProviderImpl.kt:40) cordapp.CordappProviderImpl.verifyInstalledCordapps - The network parameters don't specify any whitelisted contract implementations. Please contact your zone operator. See https://docs.corda.net/network-map.html {}
[WARN ] 12:00:49,780 [Test worker] (CordappProviderImpl.kt:40) cordapp.CordappProviderImpl.verifyInstalledCordapps - The network parameters don't specify any whitelisted contract implementations. Please contact your zone operator. See https://docs.corda.net/network-map.html {}
[WARN ] 12:00:50,114 [Test worker] (CordappProviderImpl.kt:40) cordapp.CordappProviderImpl.verifyInstalledCordapps - The network parameters don't specify any whitelisted contract implementations. Please contact your zone operator. See https://docs.corda.net/network-map.html {}
[WARN ] 12:00:50,326 [Test worker] (CordappProviderImpl.kt:40) cordapp.CordappProviderImpl.verifyInstalledCordapps - The network parameters don't specify any whitelisted contract implementations. Please contact your zone operator. See https://docs.corda.net/network-map.html {}
[WARN ] 12:00:50,439 [Test worker] (CordappProviderImpl.kt:40) cordapp.CordappProviderImpl.verifyInstalledCordapps - The network parameters don't specify any whitelisted contract implementations. Please contact your zone operator. See https://docs.corda.net/network-map.html {}
[WARN ] 12:00:50,596 [Test worker] (CordappProviderImpl.kt:40) cordapp.CordappProviderImpl.verifyInstalledCordapps - The network parameters don't specify any whitelisted contract implementations. Please contact your zone operator. See https://docs.corda.net/network-map.html {}
[WARN ] 12:00:51,217 [Test worker] (CordappProviderImpl.kt:40) cordapp.CordappProviderImpl.verifyInstalledCordapps - The network parameters don't specify any whitelisted contract implementations. Please contact your zone operator. See https://docs.corda.net/network-map.html {}
[WARN ] 12:00:51,399 [Test worker] (CordappProviderImpl.kt:40) cordapp.CordappProviderImpl.verifyInstalledCordapps - The network parameters don't specify any whitelisted contract implementations. Please contact your zone operator. See https://docs.corda.net/network-map.html {}
]]></system-out>
  <system-err><![CDATA[]]></system-err>
</testsuite>
