<?xml version="1.0" encoding="UTF-8"?>
<testsuite name="com.insuranceClaim.contract.UnderwritingContractTest" tests="9" skipped="0" failures="0" errors="0" timestamp="2018-10-22T06:30:51" hostname="GOD10603" time="1.473">
  <properties/>
  <testcase name="All Participants must sign transaction" classname="com.insuranceClaim.contract.UnderwritingContractTest" time="0.097"/>
  <testcase name="Insurance Company and Underwriter Party cannot be same entity" classname="com.insuranceClaim.contract.UnderwritingContractTest" time="0.07"/>
  <testcase name="Insurance Company and Underwriter Party cannot be the same entity" classname="com.insuranceClaim.contract.UnderwritingContractTest" time="0.057"/>
  <testcase name="Underwriting Evaluation transaction must have only one output state" classname="com.insuranceClaim.contract.UnderwritingContractTest" time="0.035"/>
  <testcase name="All Participants must sign the transaction" classname="com.insuranceClaim.contract.UnderwritingContractTest" time="0.119"/>
  <testcase name="Underwriting transaction must have Two output states" classname="com.insuranceClaim.contract.UnderwritingContractTest" time="0.047"/>
  <testcase name="Transaction must include UnderwritingEvaluation command" classname="com.insuranceClaim.contract.UnderwritingContractTest" time="0.043"/>
  <testcase name="Transaction must include Underwriting command" classname="com.insuranceClaim.contract.UnderwritingContractTest" time="0.042"/>
  <testcase name="Underwriting transaction must have zero input" classname="com.insuranceClaim.contract.UnderwritingContractTest" time="0.06"/>
  <system-out><![CDATA[[WARN ] 12:00:51,625 [Test worker] (CordappProviderImpl.kt:40) cordapp.CordappProviderImpl.verifyInstalledCordapps - The network parameters don't specify any whitelisted contract implementations. Please contact your zone operator. See https://docs.corda.net/network-map.html {}
[WARN ] 12:00:51,811 [Test worker] (CordappProviderImpl.kt:40) cordapp.CordappProviderImpl.verifyInstalledCordapps - The network parameters don't specify any whitelisted contract implementations. Please contact your zone operator. See https://docs.corda.net/network-map.html {}
[WARN ] 12:00:52,002 [Test worker] (CordappProviderImpl.kt:40) cordapp.CordappProviderImpl.verifyInstalledCordapps - The network parameters don't specify any whitelisted contract implementations. Please contact your zone operator. See https://docs.corda.net/network-map.html {}
[WARN ] 12:00:52,203 [Test worker] (CordappProviderImpl.kt:40) cordapp.CordappProviderImpl.verifyInstalledCordapps - The network parameters don't specify any whitelisted contract implementations. Please contact your zone operator. See https://docs.corda.net/network-map.html {}
[WARN ] 12:00:52,367 [Test worker] (CordappProviderImpl.kt:40) cordapp.CordappProviderImpl.verifyInstalledCordapps - The network parameters don't specify any whitelisted contract implementations. Please contact your zone operator. See https://docs.corda.net/network-map.html {}
[WARN ] 12:00:52,570 [Test worker] (CordappProviderImpl.kt:40) cordapp.CordappProviderImpl.verifyInstalledCordapps - The network parameters don't specify any whitelisted contract implementations. Please contact your zone operator. See https://docs.corda.net/network-map.html {}
[WARN ] 12:00:52,729 [Test worker] (CordappProviderImpl.kt:40) cordapp.CordappProviderImpl.verifyInstalledCordapps - The network parameters don't specify any whitelisted contract implementations. Please contact your zone operator. See https://docs.corda.net/network-map.html {}
[WARN ] 12:00:52,859 [Test worker] (CordappProviderImpl.kt:40) cordapp.CordappProviderImpl.verifyInstalledCordapps - The network parameters don't specify any whitelisted contract implementations. Please contact your zone operator. See https://docs.corda.net/network-map.html {}
[WARN ] 12:00:53,040 [Test worker] (CordappProviderImpl.kt:40) cordapp.CordappProviderImpl.verifyInstalledCordapps - The network parameters don't specify any whitelisted contract implementations. Please contact your zone operator. See https://docs.corda.net/network-map.html {}
]]></system-out>
  <system-err><![CDATA[]]></system-err>
</testsuite>
